<?xml version="1.0" encoding="UTF-8"?>
<testsuite xmlns:xsi="http://www.w3.org/2001/XMLSchema-instance" xsi:noNamespaceSchemaLocation="https://maven.apache.org/surefire/maven-surefire-plugin/xsd/surefire-test-report.xsd" name="AddTwoValuesTests" time="0.045" tests="10" errors="0" skipped="0" failures="0">
  <properties>
[...]
</properties>
  <testcase name="testDivideTwoPositiveValues" classname="AddTwoValuesTests" time="0.003"/>
  <testcase name="testDivideValuesOnZero" classname="AddTwoValuesTests" time="0"/>
  <testcase name="testSquareRootValue" classname="AddTwoValuesTests" time="0"/>
  <testcase name="testPowerValue" classname="AddTwoValuesTests" time="0.001"/>
  <testcase name="testAddTwoNegativeValues" classname="AddTwoValuesTests" time="0"/>
  <testcase name="testSlamOffTwoNegativeValues" classname="AddTwoValuesTests" time="0"/>
  <testcase name="testAddTwoPositiveValues" classname="AddTwoValuesTests" time="0"/>
  <testcase name="testSlamOffTwoPositiveValues" classname="AddTwoValuesTests" time="0"/>
  <testcase name="testSquareRootFromNegativeValue" classname="AddTwoValuesTests" time="0"/>
  <testcase name="testDivideTwoNegativeValues" classname="AddTwoValuesTests" time="0.001"/>
</testsuite>